La génération a démarré 05/10/2014 13:27:41.
     1>Projet "C:\Users\Marc\Desktop\annees_etudes\M1_info_sophia\S7\C++\PROJET\spaceshipsVsAsteroids\spaceshipsVsAsteroids\spaceshipsVsAsteroids.vcxproj" sur le nœud 2 (Build cible(s)).
     1>ClCompile:
         C:\Program Files (x86)\Microsoft Visual Studio 12.0\VC\bin\CL.exe /c /IC:\Users\Marc\Desktop\annees_etudes\M1_info_sophia\S7\C++\PROJET\uselibgraph\uselibgraph\include /Zi /nologo /W3 /WX- /sdl /O2 /Oi /Oy- /GL /D WIN32 /D NDEBUG /D _CONSOLE /D _LIB /D _UNICODE /D UNICODE /Gm- /EHsc /MD /GS /Gy /fp:precise /Zc:wchar_t /Zc:forScope /Fo"Release\\" /Fd"Release\vc120.pdb" /Gd /TP /analyze- /errorReport:prompt MyGameEngine.cpp
         MyGameEngine.cpp
     1>MyGameEngine.cpp(9): warning C4018: '<' : incompatibilité signed/unsigned
     1>MyGameEngine.cpp(25): warning C4018: '<' : incompatibilité signed/unsigned
     1>MyGameEngine.cpp(36): warning C4018: '<' : incompatibilité signed/unsigned
     1>MyGameEngine.cpp(46): warning C4018: '<' : incompatibilité signed/unsigned
     1>MyGameEngine.cpp(63): warning C4018: '<' : incompatibilité signed/unsigned
       Link:
         C:\Program Files (x86)\Microsoft Visual Studio 12.0\VC\bin\link.exe /ERRORREPORT:PROMPT /OUT:"C:\Users\Marc\Desktop\annees_etudes\M1_info_sophia\S7\C++\PROJET\spaceshipsVsAsteroids\Release\spaceshipsVsAsteroids.exe" /INCREMENTAL:NO /NOLOGO /LIBPATH:C:\Users\Marc\Desktop\annees_etudes\M1_info_sophia\S7\C++\PROJET\uselibgraph\uselibgraph\libWin engine.lib glut32.lib kernel32.lib user32.lib gdi32.lib winspool.lib comdlg32.lib advapi32.lib shell32.lib ole32.lib oleaut32.lib uuid.lib odbc32.lib odbccp32.lib /MANIFEST /MANIFESTUAC:"level='asInvoker' uiAccess='false'" /manifest:embed /DEBUG /PDB:"C:\Users\Marc\Desktop\annees_etudes\M1_info_sophia\S7\C++\PROJET\spaceshipsVsAsteroids\Release\spaceshipsVsAsteroids.pdb" /SUBSYSTEM:CONSOLE /OPT:REF /OPT:ICF /LTCG /TLBID:1 /DYNAMICBASE /NXCOMPAT /IMPLIB:"C:\Users\Marc\Desktop\annees_etudes\M1_info_sophia\S7\C++\PROJET\spaceshipsVsAsteroids\Release\spaceshipsVsAsteroids.lib" /MACHINE:X86 /SAFESEH Release\Asteroid.obj
         Release\AsteroidFragment.obj
         Release\Laser.obj
         Release\main.obj
         Release\MyControlEngine.obj
         Release\MyGameEngine.obj
         Release\MyGraphicEngine.obj
         Release\Needle.obj
         Release\Player.obj
         Release\RapidFire.obj
         Release\Shop.obj
         Release\SpaceCruiser.obj
         Release\SpaceFalcon.obj
         Release\SpaceTroy.obj
         Release\Square.obj
         Release\utility.obj
         Release\Wave.obj
         Génération de code en cours
         Fin de la génération du code
     1>Player.obj : warning LNK4099: PDB 'vc120.pdb' n'a pu être trouvé avec 'Player.obj' ou sur 'C:\Users\Marc\Desktop\annees_etudes\M1_info_sophia\S7\C++\PROJET\spaceshipsVsAsteroids\Release\vc120.pdb' ; l'objet sera lié sans informations de débogage
     1>Shop.obj : warning LNK4099: PDB 'vc120.pdb' n'a pu être trouvé avec 'Shop.obj' ou sur 'C:\Users\Marc\Desktop\annees_etudes\M1_info_sophia\S7\C++\PROJET\spaceshipsVsAsteroids\Release\vc120.pdb' ; l'objet sera lié sans informations de débogage
     1>utility.obj : warning LNK4099: PDB 'vc120.pdb' n'a pu être trouvé avec 'utility.obj' ou sur 'C:\Users\Marc\Desktop\annees_etudes\M1_info_sophia\S7\C++\PROJET\spaceshipsVsAsteroids\Release\vc120.pdb' ; l'objet sera lié sans informations de débogage
     1>engine.lib(GraphicPrimitives.obj) : warning LNK4099: PDB 'vc120.pdb' n'a pu être trouvé avec 'engine.lib(GraphicPrimitives.obj)' ou sur 'C:\Users\Marc\Desktop\annees_etudes\M1_info_sophia\S7\C++\PROJET\spaceshipsVsAsteroids\Release\vc120.pdb' ; l'objet sera lié sans informations de débogage
     1>engine.lib(Engine.obj) : warning LNK4099: PDB 'vc120.pdb' n'a pu être trouvé avec 'engine.lib(Engine.obj)' ou sur 'C:\Users\Marc\Desktop\annees_etudes\M1_info_sophia\S7\C++\PROJET\spaceshipsVsAsteroids\Release\vc120.pdb' ; l'objet sera lié sans informations de débogage
     1>engine.lib(GameEngine.obj) : warning LNK4099: PDB 'vc120.pdb' n'a pu être trouvé avec 'engine.lib(GameEngine.obj)' ou sur 'C:\Users\Marc\Desktop\annees_etudes\M1_info_sophia\S7\C++\PROJET\spaceshipsVsAsteroids\Release\vc120.pdb' ; l'objet sera lié sans informations de débogage
     1>engine.lib(ControlEngine.obj) : warning LNK4099: PDB 'vc120.pdb' n'a pu être trouvé avec 'engine.lib(ControlEngine.obj)' ou sur 'C:\Users\Marc\Desktop\annees_etudes\M1_info_sophia\S7\C++\PROJET\spaceshipsVsAsteroids\Release\vc120.pdb' ; l'objet sera lié sans informations de débogage
     1>engine.lib(GraphicEngine.obj) : warning LNK4099: PDB 'vc120.pdb' n'a pu être trouvé avec 'engine.lib(GraphicEngine.obj)' ou sur 'C:\Users\Marc\Desktop\annees_etudes\M1_info_sophia\S7\C++\PROJET\spaceshipsVsAsteroids\Release\vc120.pdb' ; l'objet sera lié sans informations de débogage
         spaceshipsVsAsteroids.vcxproj -> C:\Users\Marc\Desktop\annees_etudes\M1_info_sophia\S7\C++\PROJET\spaceshipsVsAsteroids\Release\spaceshipsVsAsteroids.exe
     1>Génération du projet "C:\Users\Marc\Desktop\annees_etudes\M1_info_sophia\S7\C++\PROJET\spaceshipsVsAsteroids\spaceshipsVsAsteroids\spaceshipsVsAsteroids.vcxproj" terminée (Build cible(s)).

La génération a réussi.

Temps écoulé 00:00:03.82
